app/build/outputs/logs/manifest-merger-debug-report.txt
-- Merging decision tree log ---
manifest
ADDED from src\main\AndroidManifest.xml:2:1-63:12
INJECTED from src\main\AndroidManifest.xml:2:1-63:12
INJECTED from src\main\AndroidManifest.xml:2:1-63:12
INJECTED from src\main\AndroidManifest.xml:2:1-63:12
INJECTED from src\main\AndroidManifest.xml:2:1-63:12
INJECTED from src\main\AndroidManifest.xml:2:1-63:12
INJECTED from src\main\AndroidManifest.xml:2:1-63:12
	package
		ADDED from src\main\AndroidManifest.xml:3:3-43
		INJECTED from src\main\AndroidManifest.xml
		INJECTED from src\main\AndroidManifest.xml
	android:versionName
		ADDED from src\main\AndroidManifest.xml:5:3-31
		INJECTED from src\main\AndroidManifest.xml
		INJECTED from src\main\AndroidManifest.xml
	xmlns:android
		ADDED from src\main\AndroidManifest.xml:2:11-69
	android:versionCode
		ADDED from src\main\AndroidManifest.xml:4:3-26
		INJECTED from src\main\AndroidManifest.xml
		INJECTED from src\main\AndroidManifest.xml
uses-sdk
ADDED from src\main\AndroidManifest.xml:7:3-41
INJECTED from src\main\AndroidManifest.xml:7:3-41
INJECTED from src\main\AndroidManifest.xml:7:3-41
INJECTED from src\main\AndroidManifest.xml:7:3-41
INJECTED from src\main\AndroidManifest.xml:7:3-41
	android:targetSdkVersion
		INJECTED from src\main\AndroidManifest.xml
		ADDED from src\main\AndroidManifest.xml:7:3-41
		INJECTED from src\main\AndroidManifest.xml
	android:minSdkVersion
		ADDED from src\main\AndroidManifest.xml:7:13-38
		INJECTED from src\main\AndroidManifest.xml
		INJECTED from src\main\AndroidManifest.xml
uses-permission#android.permission.INTERNET
ADDED from src\main\AndroidManifest.xml:8:3-64
	android:name
		ADDED from src\main\AndroidManifest.xml:8:20-62
application
ADDED from src\main\AndroidManifest.xml:10:3-62:19
	android:label
		ADDED from src\main\AndroidManifest.xml:12:5-37
	android:icon
		ADDED from src\main\AndroidManifest.xml:11:5-41
activity#com.maxasoft.fallaciesresource.FallaciesResource
ADDED from src\main\AndroidManifest.xml:13:5-20:16
	android:label
		ADDED from src\main\AndroidManifest.xml:14:7-39
	android:name
		ADDED from src\main\AndroidManifest.xml:15:7-40
intent-filter#action:name:android.intent.action.MAIN+category:name:android.intent.category.LAUNCHER
ADDED from src\main\AndroidManifest.xml:16:7-19:23
action#android.intent.action.MAIN
ADDED from src\main\AndroidManifest.xml:17:9-61
	android:name
		ADDED from src\main\AndroidManifest.xml:17:17-58
category#android.intent.category.LAUNCHER
ADDED from src\main\AndroidManifest.xml:18:9-69
	android:name
		ADDED from src\main\AndroidManifest.xml:18:19-66
activity#com.maxasoft.fallaciesresource.FallaciesList
ADDED from src\main\AndroidManifest.xml:21:5-28:16
	android:label
		ADDED from src\main\AndroidManifest.xml:22:7-39
	android:name
		ADDED from src\main\AndroidManifest.xml:23:7-36
intent-filter#action:name:android.intent.action.VIEW+category:name:android.intent.category.ALTERNATIVE
ADDED from src\main\AndroidManifest.xml:24:7-27:20
action#android.intent.action.VIEW
ADDED from src\main\AndroidManifest.xml:25:6-57
	android:name
		ADDED from src\main\AndroidManifest.xml:25:14-55
category#android.intent.category.ALTERNATIVE
ADDED from src\main\AndroidManifest.xml:26:5-67
	android:name
		ADDED from src\main\AndroidManifest.xml:26:15-65
activity#com.maxasoft.fallaciesresource.FallacyText
ADDED from src\main\AndroidManifest.xml:29:5-36:16
	android:label
		ADDED from src\main\AndroidManifest.xml:30:4-36
	android:name
		ADDED from src\main\AndroidManifest.xml:31:7-34
activity#com.maxasoft.fallaciesresource.About
ADDED from src\main\AndroidManifest.xml:37:5-44:16
	android:label
		ADDED from src\main\AndroidManifest.xml:38:4-36
	android:name
		ADDED from src\main\AndroidManifest.xml:39:7-28
activity#com.maxasoft.fallaciesresource.Logical
ADDED from src\main\AndroidManifest.xml:45:5-52:16
	android:label
		ADDED from src\main\AndroidManifest.xml:47:7-39
	android:name
		ADDED from src\main\AndroidManifest.xml:46:7-30
activity#com.maxasoft.fallaciesresource.FallaciesListAlt
ADDED from src\main\AndroidManifest.xml:53:5-61:16
	android:label
		ADDED from src\main\AndroidManifest.xml:55:7-39
	android:name
		ADDED from src\main\AndroidManifest.xml:54:7-39